{"size": 6, "id": "h3XHh9BCRIH1xMgbUmDrv2IM", "operators": ["and", "shl1", "shr1"], "challenge": "(lambda (x_5215) (shl1 (and x_5215 (shr1 x_5215))))"}
solution found: (lambda (x) (shl1 (and (shr1 x) x)))

{'lightning': True, 'status': 'win'}
{"size": 5, "id": "POw5Bc8hW1nLRNzuBlwNmCWH", "operators": ["or", "shr16"], "challenge": "(lambda (x_3242) (or 0 (shr16 x_3242)))"}
solution found: (lambda (x) (shr16 (or x 0)))

Error 429: Too many requests
None
{"size": 6, "id": "DBNMGs4cYWNK0SrbLbYukkpg", "operators": ["shr16", "shr4", "xor"], "challenge": "(lambda (x_4693) (shr16 (shr4 (xor x_4693 1))))"}
solution found: (lambda (x) (shr16 (shr4 (xor x 0))))

{'lightning': True, 'status': 'win'}
{"size": 5, "id": "0ouxSX5BFl3UTKTReCFI3AZq", "operators": ["plus", "shr16"], "challenge": "(lambda (x_3425) (shr16 (plus 0 x_3425)))"}
solution found: (lambda (x) (shr16 (plus x 0)))

{'lightning': True, 'status': 'win'}
{"size": 7, "id": "WdabSSEwC7oCa57lRsWQQ0p9", "operators": ["and", "not", "shr1"], "challenge": "(lambda (x_6575) (and (not (shr1 (shr1 x_6575))) x_6575))"}
solution found: (lambda (x) (and (not (shr1 (shr1 x))) x))

{'lightning': True, 'status': 'win'}
{"size": 4, "id": "KYRgAqWPUvVDa9s5r55iAvSv", "operators": ["not", "shl1"], "challenge": "(lambda (x_2757) (not (shl1 x_2757)))"}
solution found: (lambda (x) (not (shl1 x)))

{'lightning': True, 'status': 'win'}
{"size": 5, "id": "53pPt2ggH7DvgmPHYBtqYLXF", "operators": ["not", "plus"], "challenge": "(lambda (x_3938) (not (plus x_3938 x_3938)))"}
solution found: (lambda (x) (not (plus x x)))

{'lightning': True, 'status': 'win'}
{"size": 4, "id": "APt711ABXVNNZQflQ0Aw7Vvv", "operators": ["shr16", "shr4"], "challenge": "(lambda (x_2275) (shr4 (shr16 x_2275)))"}
solution found: (lambda (x) (shr16 (shr4 x)))

{'lightning': True, 'status': 'win'}
{"size": 4, "id": "UdUAkAFAk9E0JF6fTOo3Luob", "operators": ["shl1", "shr4"], "challenge": "(lambda (x_2169) (shr4 (shl1 x_2169)))"}
solution found: (lambda (x) (shr4 (shl1 x)))

{'lightning': True, 'status': 'win'}
{"size": 5, "id": "e0B0pwNtzK3IrMja5TfFFpBD", "operators": ["shl1", "xor"], "challenge": "(lambda (x_2974) (shl1 (xor 0 x_2974)))"}
solution found: (lambda (x) (shl1 (xor x 0)))

{'lightning': True, 'status': 'win'}
{"size": 6, "id": "uGXmFgupyQnZAGcrG5T9bBmN", "operators": ["and", "shl1", "shr4"], "challenge": "(lambda (x_5261) (and (shr4 (shl1 x_5261)) x_5261))"}
solution found: (lambda (x) (and (shr4 (shl1 x)) x))

{'lightning': True, 'status': 'win'}
{"size": 6, "id": "HRCJTAvCcmPbV436tTQi85pH", "operators": ["plus", "xor"], "challenge": "(lambda (x_4769) (plus (xor 1 x_4769) x_4769))"}
solution found: (lambda (x) (plus (xor x 1) x))

{'lightning': True, 'status': 'win'}
{"size": 7, "id": "XfdiIgueCd3SDRzZjWkBlfBB", "operators": ["and", "shl1", "xor"], "challenge": "(lambda (x_6035) (and (xor 1 (shl1 x_6035)) x_6035))"}
solution found: (lambda (x) (and (xor (shl1 x) 1) x))

{'lightning': True, 'status': 'win'}
{"size": 7, "id": "HWKgmC1m4w9q4JSwJ4MdPWDz", "operators": ["not", "plus", "shr4"], "challenge": "(lambda (x_6274) (plus (shr4 (shr4 (not 1))) x_6274))"}
solution found: (lambda (x) (plus (shr4 (shr4 (not 0))) x))

{'lightning': True, 'status': 'win'}
{"size": 7, "id": "Vb3Idr2Y7A96llhdczY2hV6U", "operators": ["not", "plus", "shl1", "shr4"], "challenge": "(lambda (x_6402) (plus (not (shr4 (shl1 0))) x_6402))"}
solution found: (lambda (x) (not (not (plus (not 0) x))))

{'lightning': True, 'status': 'win'}
{"size": 5, "id": "XlTgYfCgckr7KxT7EVxXt8Ud", "operators": ["not", "shl1", "shr16"], "challenge": "(lambda (x_4061) (not (shr16 (shl1 x_4061))))"}
solution found: (lambda (x) (not (shr16 (shl1 x))))

{'lightning': True, 'status': 'win'}
{"size": 5, "id": "D4gtAMAHwtbl8OCBq3DVvC5o", "operators": ["and", "shr1"], "challenge": "(lambda (x_3996) (and (shr1 x_3996) x_3996))"}
solution found: (lambda (x) (and (shr1 x) x))

{'lightning': True, 'status': 'win'}
{"size": 6, "id": "7zLxN8FKmW2plo6vBbukVkeo", "operators": ["shl1", "shr1", "shr16"], "challenge": "(lambda (x_4891) (shl1 (shr1 (shr16 (shr1 x_4891)))))"}
solution found: (lambda (x) (shl1 (shr1 (shr1 (shr16 x)))))

{'lightning': True, 'status': 'win'}
{"size": 6, "id": "WJjCaIVqnnsUN6msEDnNgpKL", "operators": ["and", "shr1", "shr4"], "challenge": "(lambda (x_4293) (and (shr1 (shr4 x_4293)) x_4293))"}
solution found: (lambda (x) (and (shr1 (shr4 x)) x))

Error 429: Too many requests
None
{"size": 6, "id": "OmDn5AOMPUxjGrDAUMzWtau1", "operators": ["or", "shr16", "shr4"], "challenge": "(lambda (x_4803) (shr16 (or (shr4 x_4803) x_4803)))"}
solution found: (lambda (x) (shr16 (or (shr4 x) x)))

{'lightning': True, 'status': 'win'}
{"size": 4, "id": "GymaXqldxkLeBx3owivuvGcc", "operators": ["plus"], "challenge": "(lambda (x_1634) (plus x_1634 1))"}
solution found: (lambda (x) (plus x 1))

{'lightning': True, 'status': 'win'}
{"size": 7, "id": "bvGnxlVjz0HYk9jXEfBq654B", "operators": ["or", "shr4"], "challenge": "(lambda (x_6569) (or (shr4 (or 0 x_6569)) x_6569))"}
solution found: (lambda (x) (or (or x 0) (shr4 x)))

{'lightning': True, 'status': 'win'}
{"size": 4, "id": "9dO7I0RKErOMHhD48avQ4WUA", "operators": ["not", "shl1"], "challenge": "(lambda (x_1768) (shl1 (not x_1768)))"}
solution found: (lambda (x) (shl1 (not x)))

{'lightning': True, 'status': 'win'}
{"size": 7, "id": "SwmIXLAxDltYEQf3KtFdMVl4", "operators": ["not", "plus", "shl1", "shr16"], "challenge": "(lambda (x_6524) (plus (not (shl1 (shr16 x_6524))) 1))"}
solution found: (lambda (x) (shl1 (plus (not (shr16 x)) 1)))

{'lightning': True, 'status': 'win'}
{"size": 6, "id": "rRoq8e9KiRtk1gehqtQgf2w6", "operators": ["if0", "shr4"], "challenge": "(lambda (x_4754) (shr4 (if0 x_4754 x_4754 x_4754)))"}
solution found: (lambda (x) (shr4 (if0 0 x 0)))

{'lightning': True, 'status': 'win'}
{"size": 7, "id": "MV0dniZQtEmoAyWx1AQYtTgO", "operators": ["and", "plus", "shr16"], "challenge": "(lambda (x_6435) (and (plus x_6435 (shr16 x_6435)) 1))"}
solution found: (lambda (x) (and (plus (shr16 x) x) 1))

Error 429: Too many requests
None
{"size": 5, "id": "RI6zQq7BvZgbLX5yNW5YScve", "operators": ["not", "plus"], "challenge": "(lambda (x_4196) (not (plus x_4196 0)))"}
solution found: (lambda (x) (not (not (not x))))

{'lightning': True, 'status': 'win'}
{"size": 7, "id": "s69q50GYbR3hSKXHqlI3AQTi", "operators": ["if0", "not", "shr4"], "challenge": "(lambda (x_5928) (if0 (shr4 x_5928) 1 (not x_5928)))"}
solution found: (lambda (x) (not (not (not (not (not x))))))

{'values': ['0x0000000000000000', '0x0000000000000001', '0xFFFFFFFFFFFFFFFF'], 'status': 'mismatch'}
{"size": 7, "id": "LfzzKD9dzO7T5yQdqprJ6oA5", "operators": ["and", "not", "shr1"], "challenge": "(lambda (x_6575) (and (not (shr1 (shr1 x_6575))) x_6575))"}
solution found: (lambda (x) (and (not (shr1 (shr1 x))) x))

{'lightning': True, 'status': 'win'}
{"size": 7, "id": "aiovvYZ4iFPg7pm4izb6lT31", "operators": ["or", "shr16", "xor"], "challenge": "(lambda (x_5717) (or (shr16 (xor 1 x_5717)) x_5717))"}
solution found: (lambda (x) (or (or x 0) (shr16 x)))

{'lightning': True, 'status': 'win'}
{"size": 7, "id": "XSxO9fLC9DFZFmbN5NDitN6J", "operators": ["and", "shl1", "shr16", "shr4"], "challenge": "(lambda (x_6417) (and (shr4 (shr16 x_6417)) (shl1 x_6417)))"}
solution found: (lambda (x) (and (shr16 (shr4 x)) (shl1 x)))

{'lightning': True, 'status': 'win'}
{"size": 5, "id": "EckOA1YC4sdXpPm1uuXkpAE8", "operators": ["not", "xor"], "challenge": "(lambda (x_3999) (not (xor 1 x_3999)))"}
solution found: (lambda (x) (not (xor x 1)))

{'lightning': True, 'status': 'win'}
{"size": 5, "id": "bYpETNO5J5aIzWG5FExBl43Q", "operators": ["shr4", "xor"], "challenge": "(lambda (x_3731) (xor (shr4 x_3731) 1))"}
solution found: (lambda (x) (xor (shr4 x) 1))

{'lightning': True, 'status': 'win'}
{"size": 5, "id": "ugbwd4Ky7nG8YPkwzV1ewdQj", "operators": ["not", "plus"], "challenge": "(lambda (x_3938) (not (plus x_3938 x_3938)))"}
solution found: (lambda (x) (not (plus x x)))

{'lightning': True, 'status': 'win'}
{"size": 7, "id": "ZbAhv4Q0OiBAmkXPOym2yAbe", "operators": ["or", "shr16", "xor"], "challenge": "(lambda (x_6619) (xor (shr16 (or x_6619 0)) 0))"}
solution found: (lambda (x) (shr16 (or (shr16 (shr16 0)) x)))

{'lightning': True, 'status': 'win'}
{"size": 4, "id": "AFBwMrUxRvZpLueYlwYZh6Us", "operators": ["plus"], "challenge": "(lambda (x_1634) (plus x_1634 1))"}
solution found: (lambda (x) (plus x 1))

{'lightning': True, 'status': 'win'}
{"size": 6, "id": "r4XBoBjfEAzsxHEqIG4uzs1J", "operators": ["shl1", "shr1"], "challenge": "(lambda (x_4792) (shl1 (shr1 (shr1 (shl1 x_4792)))))"}
solution found: (lambda (x) (shl1 (shr1 (shr1 (shl1 x)))))

Error 429: Too many requests
None
{"size": 7, "id": "k9X0Hw3PkYd72JRvQbnq6JOp", "operators": ["if0", "not", "shr4"], "challenge": "(lambda (x_5928) (if0 (shr4 x_5928) 1 (not x_5928)))"}
solution found: (lambda (x) (not (not (not (not (not x))))))

{'values': ['0x0000000000000000', '0x0000000000000001', '0xFFFFFFFFFFFFFFFF'], 'status': 'mismatch'}
{"size": 7, "id": "uqY2ap8pEjOgNJJzT7aesEWr", "operators": ["and", "shr4"], "challenge": "(lambda (x_6413) (and (and (shr4 x_6413) x_6413) x_6413))"}
solution found: (lambda (x) (and (and x x) (shr4 x)))

{'lightning': True, 'status': 'win'}
{"size": 4, "id": "9V92fBNUdVNFdWR0fTUAfPSB", "operators": ["shr1"], "challenge": "(lambda (x_2047) (shr1 (shr1 x_2047)))"}
solution found: (lambda (x) (shr1 (shr1 x)))

{'lightning': True, 'status': 'win'}
{"size": 4, "id": "c4fpTy5Xq6SsaR7jtnWIzbJs", "operators": ["shr1", "shr4"], "challenge": "(lambda (x_1694) (shr1 (shr4 x_1694)))"}
solution found: (lambda (x) (shr1 (shr4 x)))

{'lightning': True, 'status': 'win'}
{"size": 5, "id": "1R5HnRGoYPdT7BU16rutGof6", "operators": ["or", "shr16"], "challenge": "(lambda (x_3423) (or 0 (shr16 x_3423)))"}
solution found: (lambda (x) (shr16 (or x 0)))

{'lightning': True, 'status': 'win'}
{"size": 5, "id": "bHovY28Aei2VGF8yP72WSYkX", "operators": ["shr16", "xor"], "challenge": "(lambda (x_3140) (xor 1 (shr16 x_3140)))"}
solution found: (lambda (x) (xor (shr16 x) 1))

{'lightning': True, 'status': 'win'}
{"size": 4, "id": "BzjfSVq9ARZd7vkTAqPrMg9E", "operators": ["plus"], "challenge": "(lambda (x_2033) (plus x_2033 x_2033))"}
solution found: (lambda (x) (plus x x))

Error 429: Too many requests
None
{"size": 5, "id": "H2xdO4vxczAUs9YdAcqcGFB4", "operators": ["shr4", "xor"], "challenge": "(lambda (x_4004) (shr4 (xor x_4004 0)))"}
solution found: (lambda (x) (shr4 (xor x 0)))

{'lightning': True, 'status': 'win'}
{"size": 7, "id": "QJAW62byvTTaB5WBm97MBeZh", "operators": ["not", "shr1", "xor"], "challenge": "(lambda (x_5866) (xor (shr1 (not (shr1 x_5866))) 1))"}
solution found: (lambda (x) (xor (shr1 (not (shr1 x))) 1))

{'lightning': True, 'status': 'win'}
{"size": 6, "id": "o2aePynckdpNH5BXEGh9ltRH", "operators": ["and", "shr16"], "challenge": "(lambda (x_4811) (and x_4811 (shr16 (shr16 x_4811))))"}
solution found: (lambda (x) (and (shr16 (shr16 x)) x))

{'lightning': True, 'status': 'win'}
{"size": 4, "id": "GsBiuwSBcuGI43IVqbt0lKQs", "operators": ["plus"], "challenge": "(lambda (x_1944) (plus x_1944 x_1944))"}
solution found: (lambda (x) (plus x x))

{'lightning': True, 'status': 'win'}
{"size": 7, "id": "2pI5NBEfylECnU2biShzDPVu", "operators": ["shr16", "xor"], "challenge": "(lambda (x_6062) (xor (xor (shr16 x_6062) x_6062) x_6062))"}
solution found: (lambda (x) (shr16 (xor (shr16 (shr16 0)) x)))

{'lightning': True, 'status': 'win'}
{"size": 7, "id": "8bafcaP3qyi0J726SZZk564X", "operators": ["shr4", "xor"], "challenge": "(lambda (x_6222) (xor (shr4 x_6222) (xor x_6222 0)))"}
solution found: (lambda (x) (xor (xor x 0) (shr4 x)))

{'lightning': True, 'status': 'win'}
{"size": 5, "id": "kEh0K83SH5q3pswVFcLmsTvZ", "operators": ["or", "shl1"], "challenge": "(lambda (x_3299) (or (shl1 x_3299) 1))"}
solution found: (lambda (x) (or (shl1 x) 1))

Error 429: Too many requests
None
{"size": 4, "id": "NWzwpiIBZW2IB5YG8dwmsFT0", "operators": ["plus"], "challenge": "(lambda (x_2429) (plus x_2429 x_2429))"}
solution found: (lambda (x) (plus x x))

{'lightning': True, 'status': 'win'}
{"size": 7, "id": "FjJOXw0l4pl2AfpJPLn90JR2", "operators": ["and", "plus", "shr16"], "challenge": "(lambda (x_6579) (and (plus (shr16 x_6579) 0) x_6579))"}
solution found: (lambda (x) (and (and x x) (shr16 x)))

{'lightning': True, 'status': 'win'}
{"size": 5, "id": "GMUN3WkmEEYQA2xtjVZDyDxa", "operators": ["plus", "shr4"], "challenge": "(lambda (x_3490) (plus (shr4 x_3490) x_3490))"}
solution found: (lambda (x) (plus (shr4 x) x))

{'lightning': True, 'status': 'win'}
{"size": 6, "id": "dQsDZedZbWT6lAa5pjJYNirO", "operators": ["not", "or", "shr1"], "challenge": "(lambda (x_4664) (or (shr1 (not x_4664)) 1))"}
solution found: (lambda (x) (or (shr1 (not x)) 1))

Error 429: Too many requests
None
{"size": 4, "id": "npCBoOqlQ2t4xWjK8kPSHIJn", "operators": ["and"], "challenge": "(lambda (x_1680) (and x_1680 1))"}
solution found: (lambda (x) (and x 1))

{'lightning': True, 'status': 'win'}
{"size": 5, "id": "BRp4GUZKATYR4X7BY8hAk70H", "operators": ["plus", "shl1"], "challenge": "(lambda (x_3052) (shl1 (plus 0 x_3052)))"}
solution found: (lambda (x) (shl1 (plus x 0)))

{'lightning': True, 'status': 'win'}
{"size": 4, "id": "XQbwquh53ytiwc0aQSrt90EE", "operators": ["shr16", "shr4"], "challenge": "(lambda (x_1550) (shr4 (shr16 x_1550)))"}
solution found: (lambda (x) (shr16 (shr4 x)))

{'lightning': True, 'status': 'win'}
{"size": 6, "id": "IeXwfOL92W4qu1HizRy1oAOo", "operators": ["or", "shl1", "shr1"], "challenge": "(lambda (x_4389) (shr1 (or (shl1 0) x_4389)))"}
solution found: (lambda (x) (shr1 (or (shl1 0) x)))

{'lightning': True, 'status': 'win'}
{"size": 4, "id": "3BmA0KbEe2k4M5TwAacbjGIL", "operators": ["not", "shr1"], "challenge": "(lambda (x_2710) (not (shr1 x_2710)))"}
solution found: (lambda (x) (not (shr1 x)))

{'lightning': True, 'status': 'win'}
{"size": 4, "id": "bcyvsHQQ1p3Ao7ZWIdl8Sacb", "operators": ["and"], "challenge": "(lambda (x_2783) (and x_2783 1))"}
solution found: (lambda (x) (and x 1))

{'lightning': True, 'status': 'win'}
{"size": 6, "id": "IBxawoSVAOkbNDNBqc6KtM9T", "operators": ["shr16", "shr4", "xor"], "challenge": "(lambda (x_5038) (xor 1 (shr16 (shr4 x_5038))))"}
solution found: (lambda (x) (xor (shr16 (shr4 x)) 1))

Error 429: Too many requests
None
{"size": 7, "id": "LnYAh3dSoQK6UiIA3OTT8WzA", "operators": ["plus", "shr1", "shr16", "shr4"], "challenge": "(lambda (x_6128) (plus (shr4 (shr1 (shr16 x_6128))) 0))"}
solution found: (lambda (x) (shr1 (shr16 (shr4 (plus x 0)))))

{'lightning': True, 'status': 'win'}
{"size": 4, "id": "dYJ4FT4r9kQlZsbQr16PlNFH", "operators": ["shr1", "shr4"], "challenge": "(lambda (x_1856) (shr4 (shr1 x_1856)))"}
solution found: (lambda (x) (shr1 (shr4 x)))

{'lightning': True, 'status': 'win'}
{"size": 6, "id": "eNmMBEz5IjW7FLMXci1h4to1", "operators": ["not", "shl1", "xor"], "challenge": "(lambda (x_4432) (not (shl1 (xor x_4432 1))))"}
solution found: (lambda (x) (not (shl1 (xor x 1))))

{'lightning': True, 'status': 'win'}
{"size": 7, "id": "a1EymnlndmwgUgK2HU6BRT6O", "operators": ["plus", "shl1"], "challenge": "(lambda (x_5711) (plus (shl1 (plus 0 1)) x_5711))"}
solution found: (lambda (x) (plus (plus x 0) (shl1 1)))

{'lightning': True, 'status': 'win'}
{"size": 6, "id": "LyhlYJsTiOzQB2uFirJpeuhu", "operators": ["and", "plus"], "challenge": "(lambda (x_5085) (and (plus 0 x_5085) 1))"}
solution found: (lambda (x) (and (and 1 1) x))

{'lightning': True, 'status': 'win'}
{"size": 7, "id": "mUQlP0XuNKUD3hDrlR83L78K", "operators": ["not", "or", "xor"], "challenge": "(lambda (x_6031) (or (xor (not 0) 1) x_6031))"}
solution found: (lambda (x) (not (not (or (not 1) x))))

{'lightning': True, 'status': 'win'}
{"size": 7, "id": "tHXWUMtABbSWyAG3CBUtrc67", "operators": ["or", "shr4", "xor"], "challenge": "(lambda (x_5519) (xor (or (shr4 x_5519) 1) 1))"}
solution found: (lambda (x) (xor (or (shr4 x) 1) 1))

{'lightning': True, 'status': 'win'}
{"size": 5, "id": "pBYgs2EQgcp5BVqMz6BY524J", "operators": ["not", "shl1"], "challenge": "(lambda (x_3754) (not (shl1 (shl1 x_3754))))"}
solution found: (lambda (x) (not (shl1 (shl1 x))))

{'lightning': True, 'status': 'win'}
{"size": 7, "id": "2zQFtTSxmy6SIbBDwMCfCSUV", "operators": ["not", "xor"], "challenge": "(lambda (x_6137) (xor (xor (not 1) 0) x_6137))"}
solution found: (lambda (x) (not (not (not (xor x 1)))))

{'lightning': True, 'status': 'win'}
{"size": 7, "id": "7Xui0IIlMabsNOH33r0i5VPc", "operators": ["and", "plus", "shr4"], "challenge": "(lambda (x_5715) (plus (and (shr4 x_5715) x_5715) x_5715))"}
solution found: (lambda (x) (plus (and (shr4 x) x) x))

{'lightning': True, 'status': 'win'}
{"size": 6, "id": "h0ZlDbloG5sdKGD5UJnRLTFB", "operators": ["plus", "shl1", "shr16"], "challenge": "(lambda (x_5070) (shl1 (shr16 (plus x_5070 1))))"}
solution found: (lambda (x) (shl1 (shr16 (plus x 0))))

Error 429: Too many requests
None
{"size": 4, "id": "7yg7ybB9J9Rc8TQ05OL82FnT", "operators": ["shl1"], "challenge": "(lambda (x_1841) (shl1 (shl1 x_1841)))"}
solution found: (lambda (x) (shl1 (shl1 x)))

{'lightning': True, 'status': 'win'}
{"size": 5, "id": "KvfRka4mmgSYdF7jH5FYBUTm", "operators": ["not", "or"], "challenge": "(lambda (x_3205) (not (or 1 x_3205)))"}
solution found: (lambda (x) (not (or x 1)))

{'lightning': True, 'status': 'win'}
{"size": 4, "id": "XT7X2hKI6VyDbBKBQbMSqLvp", "operators": ["not", "shr1"], "challenge": "(lambda (x_1464) (shr1 (not x_1464)))"}
solution found: (lambda (x) (shr1 (not x)))

{'lightning': True, 'status': 'win'}
{"size": 4, "id": "j4y3ZnL4o7Dxfhri9c4Yz7ku", "operators": ["not", "shr1"], "challenge": "(lambda (x_1797) (not (shr1 x_1797)))"}
solution found: (lambda (x) (not (shr1 x)))

{'lightning': True, 'status': 'win'}
{"size": 6, "id": "zYWXZlrbxhgyNAhaNvoBKNwe", "operators": ["shr1", "shr4", "xor"], "challenge": "(lambda (x_5417) (xor 1 (shr1 (shr4 x_5417))))"}
solution found: (lambda (x) (xor (shr1 (shr4 x)) 1))

{'lightning': True, 'status': 'win'}
{"size": 7, "id": "YODaiFUZWQnZNhkAAI9qtrmg", "operators": ["or", "shl1", "shr1", "shr16"], "challenge": "(lambda (x_6576) (or (shr1 (shr16 1)) (shl1 x_6576)))"}
solution found: (lambda (x) (shl1 (shr1 (shl1 (shr1 (shl1 x))))))

{'lightning': True, 'status': 'win'}
{"size": 5, "id": "uMttJOD1GBTPdLXHjfukysGX", "operators": ["not", "shr4"], "challenge": "(lambda (x_3192) (shr4 (not (shr4 x_3192))))"}
solution found: (lambda (x) (shr4 (not (shr4 x))))

{'lightning': True, 'status': 'win'}
{"size": 7, "id": "tYpA63m4l73VbYXUuTmIpo2v", "operators": ["plus", "shr16"], "challenge": "(lambda (x_5501) (plus (plus x_5501 1) (shr16 0)))"}
solution found: (lambda (x) (plus (plus x 1) (shr16 0)))

{'lightning': True, 'status': 'win'}
{"size": 7, "id": "8ouuLDQAc0CmbR72mk2oYj1p", "operators": ["shr1", "shr16", "shr4", "xor"], "challenge": "(lambda (x_5757) (xor (shr1 (shr4 (shr16 x_5757))) 0))"}
solution found: (lambda (x) (shr1 (shr16 (shr4 (xor x 0)))))

{'lightning': True, 'status': 'win'}
{"size": 4, "id": "zrW1eXtdazI3a2fKThBhxOOM", "operators": ["not", "shl1"], "challenge": "(lambda (x_1680) (not (shl1 x_1680)))"}
solution found: (lambda (x) (not (shl1 x)))

{'lightning': True, 'status': 'win'}
{"size": 7, "id": "zJXyUuUBOG1xPuoEBKxTibNH", "operators": ["and", "not", "shr1"], "challenge": "(lambda (x_6225) (and (not (shr1 (shr1 x_6225))) x_6225))"}
solution found: (lambda (x) (and (not (shr1 (shr1 x))) x))

{'lightning': True, 'status': 'win'}
{"size": 6, "id": "6q7Coj0g2BsBnCWmXcGgjmM1", "operators": ["and", "not", "shr1"], "challenge": "(lambda (x_4999) (and (not (shr1 x_4999)) x_4999))"}
solution found: (lambda (x) (and (not (shr1 x)) x))

{'lightning': True, 'status': 'win'}
{"size": 5, "id": "MCVg900hhRKGglyD59b99xI0", "operators": ["plus", "shl1"], "challenge": "(lambda (x_3931) (plus (shl1 1) x_3931))"}
solution found: (lambda (x) (plus (shl1 1) x))

{'lightning': True, 'status': 'win'}
{"size": 6, "id": "KOqHSLTkVeJ1iJAkh6LvtwHY", "operators": ["xor"], "challenge": "(lambda (x_5047) (xor (xor x_5047 1) 0))"}
solution found: (lambda (x) (xor (xor 1 0) x))

{'lightning': True, 'status': 'win'}
{"size": 5, "id": "ovqey6BeR3gRL8YLG3o6LJpr", "operators": ["not", "shr1", "shr4"], "challenge": "(lambda (x_2870) (not (shr1 (shr4 x_2870))))"}
solution found: (lambda (x) (not (shr1 (shr4 x))))

Error 429: Too many requests
None
{"size": 7, "id": "71BvUjffK77bvbkdlA2a531l", "operators": ["not", "plus", "shl1", "shr4"], "challenge": "(lambda (x_6402) (plus (not (shr4 (shl1 0))) x_6402))"}
solution found: (lambda (x) (not (not (plus (not 0) x))))

{'lightning': True, 'status': 'win'}
{"size": 7, "id": "j3aJ1sp3pcy8dIuDDONBH33B", "operators": ["plus", "shr4"], "challenge": "(lambda (x_6001) (plus (shr4 (plus 1 x_6001)) x_6001))"}
solution found: (lambda (x) (plus (shr4 (plus x 1)) x))

{'lightning': True, 'status': 'win'}
{"size": 4, "id": "WcRKhEIi0iDWmiNrX6jUAp3k", "operators": ["not", "shr4"], "challenge": "(lambda (x_2233) (shr4 (not x_2233)))"}
solution found: (lambda (x) (shr4 (not x)))

{'lightning': True, 'status': 'win'}
{"size": 7, "id": "hiIhefRRgHy2kxX1hBy6rvAn", "operators": ["or", "shl1", "shr1"], "challenge": "(lambda (x_5539) (or (shl1 (shr1 (shl1 x_5539))) x_5539))"}
solution found: (lambda (x) (or (or x 0) (shl1 x)))

{'lightning': True, 'status': 'win'}
{"size": 7, "id": "4svBxLHHtWURDkJToyHs2Bbj", "operators": ["or", "plus", "shr16"], "challenge": "(lambda (x_5656) (plus (or 0 (shr16 x_5656)) x_5656))"}
solution found: (lambda (x) (or (plus (shr16 x) x) 0))

{'lightning': True, 'status': 'win'}
{"size": 5, "id": "4Bdfoy2UTPSE7LNLD78uu6CZ", "operators": ["not", "plus"], "challenge": "(lambda (x_3123) (plus (not x_3123) 1))"}
solution found: (lambda (x) (plus (not x) 1))

{'lightning': True, 'status': 'win'}
